Determining if the pthread_create exist failed with the following output:
Change Dir: /home/robond/Desktop/UdacityProjects/Buildmyworld/udacity_BuildMyWorld/build/CMakeFiles/CMakeTmp

Run Build Command:"/usr/bin/make" "cmTC_82b43/fast"
/usr/bin/make -f CMakeFiles/cmTC_82b43.dir/build.make CMakeFiles/cmTC_82b43.dir/build
make[1]: Entering directory '/home/robond/Desktop/UdacityProjects/Buildmyworld/udacity_BuildMyWorld/build/CMakeFiles/CMakeTmp'
Building C object CMakeFiles/cmTC_82b43.dir/CheckSymbolExists.c.o
/usr/bin/cc     -o CMakeFiles/cmTC_82b43.dir/CheckSymbolExists.c.o   -c /home/robond/Desktop/UdacityProjects/Buildmyworld/udacity_BuildMyWorld/build/CMakeFiles/CMakeTmp/CheckSymbolExists.c
Linking C executable cmTC_82b43
/usr/bin/cmake -E cmake_link_script CMakeFiles/cmTC_82b43.dir/link.txt --verbose=1
/usr/bin/cc       CMakeFiles/cmTC_82b43.dir/CheckSymbolExists.c.o  -o cmTC_82b43 -rdynamic 
CMakeFiles/cmTC_82b43.dir/CheckSymbolExists.c.o: In function `main':
CheckSymbolExists.c:(.text+0x16): undefined reference to `pthread_create'
collect2: error: ld returned 1 exit status
CMakeFiles/cmTC_82b43.dir/build.make:97: recipe for target 'cmTC_82b43' failed
make[1]: *** [cmTC_82b43] Error 1
make[1]: Leaving directory '/home/robond/Desktop/UdacityProjects/Buildmyworld/udacity_BuildMyWorld/build/CMakeFiles/CMakeTmp'
Makefile:126: recipe for target 'cmTC_82b43/fast' failed
make: *** [cmTC_82b43/fast] Error 2

File /home/robond/Desktop/UdacityProjects/Buildmyworld/udacity_BuildMyWorld/build/CMakeFiles/CMakeTmp/CheckSymbolExists.c:
/* */
#include <pthread.h>

int main(int argc, char** argv)
{
  (void)argv;
#ifndef pthread_create
  return ((int*)(&pthread_create))[argc];
#else
  (void)argc;
  return 0;
#endif
}

Determining if the function pthread_create exists in the pthreads failed with the following output:
Change Dir: /home/robond/Desktop/UdacityProjects/Buildmyworld/udacity_BuildMyWorld/build/CMakeFiles/CMakeTmp

Run Build Command:"/usr/bin/make" "cmTC_629ff/fast"
/usr/bin/make -f CMakeFiles/cmTC_629ff.dir/build.make CMakeFiles/cmTC_629ff.dir/build
make[1]: Entering directory '/home/robond/Desktop/UdacityProjects/Buildmyworld/udacity_BuildMyWorld/build/CMakeFiles/CMakeTmp'
Building C object CMakeFiles/cmTC_629ff.dir/CheckFunctionExists.c.o
/usr/bin/cc    -DCHECK_FUNCTION_EXISTS=pthread_create   -o CMakeFiles/cmTC_629ff.dir/CheckFunctionExists.c.o   -c /usr/share/cmake-3.5/Modules/CheckFunctionExists.c
Linking C executable cmTC_629ff
/usr/bin/cmake -E cmake_link_script CMakeFiles/cmTC_629ff.dir/link.txt --verbose=1
/usr/bin/cc   -DCHECK_FUNCTION_EXISTS=pthread_create    CMakeFiles/cmTC_629ff.dir/CheckFunctionExists.c.o  -o cmTC_629ff -rdynamic -lpthreads 
/usr/bin/ld: cannot find -lpthreads
collect2: error: ld returned 1 exit status
CMakeFiles/cmTC_629ff.dir/build.make:97: recipe for target 'cmTC_629ff' failed
make[1]: *** [cmTC_629ff] Error 1
make[1]: Leaving directory '/home/robond/Desktop/UdacityProjects/Buildmyworld/udacity_BuildMyWorld/build/CMakeFiles/CMakeTmp'
Makefile:126: recipe for target 'cmTC_629ff/fast' failed
make: *** [cmTC_629ff/fast] Error 2


